<?xml version="1.0" encoding="UTF-8"?>
<!-- Generated by org.testng.reporters.JUnitReportReporter -->
<testsuite skipped="0" hostname="DESKTOP-ND7DOT9" name="com.com.orangehrmlive.Testng" tests="5" failures="0" timestamp="2019-09-30T17:48:02 IST" time="37.489" errors="0">
  <testcase name="openBrowser" time="12.876" classname="com.com.orangehrmlive.Testng"/>
  <testcase name="loginText" time="10.324" classname="com.com.orangehrmlive.Testng"/>
  <testcase name="admin" time="8.437" classname="com.com.orangehrmlive.Testng"/>
  <testcase name="pim" time="1.947" classname="com.com.orangehrmlive.Testng"/>
  <testcase name="logout" time="3.905" classname="com.com.orangehrmlive.Testng"/>
</testsuite> <!-- com.com.orangehrmlive.Testng -->
