<?xml version="1.0" encoding="UTF-8"?>
<!-- Generated by org.testng.reporters.JUnitReportReporter -->
<testsuite skipped="0" hostname="DESKTOP-ND7DOT9" name="com.orangehrmlive.TestNG" tests="1" failures="0" timestamp="2019-09-30T16:06:12 IST" time="26.393" errors="0">
  <testcase name="f" time="26.393" classname="com.orangehrmlive.TestNG"/>
</testsuite> <!-- com.orangehrmlive.TestNG -->
